

Started GET "/" for ::1 at 2015-02-26 20:25:54 -0700
Processing by Rails::WelcomeController#index as HTML
  Rendered /usr/local/lib/ruby/gems/2.1.0/gems/railties-4.2.0/lib/rails/templates/rails/welcome/index.html.erb (1.9ms)
Completed 200 OK in 88ms (Views: 65.8ms | ActiveRecord: 0.0ms)


Started GET "/static_pages/home" for ::1 at 2015-02-26 20:26:19 -0700
Processing by StaticPagesController#home as HTML
  Rendered static_pages/home.html.erb within layouts/application (0.4ms)
Completed 500 Internal Server Error in 180ms

ExecJS::RuntimeUnavailable (Could not find a JavaScript runtime. See https://github.com/sstephenson/execjs for a list of available runtimes.
  (in /usr/local/lib/ruby/gems/2.1.0/gems/turbolinks-2.3.0/lib/assets/javascripts/turbolinks.js.coffee)):
  app/views/layouts/application.html.erb:6:in `_app_views_layouts_application_html_erb__1144046957914912148_69960977380840'


  Rendered /usr/local/lib/ruby/gems/2.1.0/gems/web-console-2.0.0.beta3/lib/action_dispatch/templates/rescues/_source.erb (8.9ms)
  Rendered /usr/local/lib/ruby/gems/2.1.0/gems/web-console-2.0.0.beta3/lib/action_dispatch/templates/rescues/_trace.html.erb (2.8ms)
  Rendered /usr/local/lib/ruby/gems/2.1.0/gems/web-console-2.0.0.beta3/lib/action_dispatch/templates/rescues/_request_and_response.html.erb (0.7ms)
  Rendered /usr/local/lib/ruby/gems/2.1.0/gems/web-console-2.0.0.beta3/lib/action_dispatch/templates/rescues/_web_console.html.erb (0.7ms)
  Rendered /usr/local/lib/ruby/gems/2.1.0/gems/web-console-2.0.0.beta3/lib/action_dispatch/templates/rescues/diagnostics.html.erb within rescues/layout (27.8ms)


Started GET "/static_pages/home" for ::1 at 2015-02-26 20:36:58 -0700
Processing by StaticPagesController#home as HTML
  Rendered static_pages/home.html.erb within layouts/application (0.1ms)
Completed 200 OK in 495ms (Views: 494.0ms | ActiveRecord: 0.0ms)


Started GET "/assets/static_pages-64e62ddc273c2f5847f30d698ca14b67.css?body=1" for ::1 at 2015-02-26 20:36:58 -0700


Started GET "/assets/application-5266d2988799ecc8fe6e81eaab412e7d.css?body=1" for ::1 at 2015-02-26 20:36:59 -0700


Started GET "/assets/static_pages-46c9a194bd0668e67d57241f94473dc8.js?body=1" for ::1 at 2015-02-26 20:36:59 -0700


Started GET "/assets/turbolinks-d9dcd5206ee131f11181e8ca09537148.js?body=1" for ::1 at 2015-02-26 20:36:59 -0700


Started GET "/assets/jquery_ujs-e27bd20a10d28155845a22d71ef94f2f.js?body=1" for ::1 at 2015-02-26 20:36:59 -0700


Started GET "/assets/jquery-87424c3c19e96d4fb033c10ebe21ec40.js?body=1" for ::1 at 2015-02-26 20:36:59 -0700


Started GET "/assets/application-27c76326507f83da3c0ff47a3c8c1ada.js?body=1" for ::1 at 2015-02-26 20:36:59 -0700


Started GET "/static_pages/help" for ::1 at 2015-02-26 20:37:57 -0700
Processing by StaticPagesController#help as HTML
  Rendered static_pages/help.html.erb within layouts/application (3.6ms)
Completed 200 OK in 51ms (Views: 49.8ms | ActiveRecord: 0.0ms)


Started GET "/static_pages/help" for ::1 at 2015-02-26 20:40:31 -0700
Processing by StaticPagesController#help as HTML
  Rendered static_pages/help.html.erb within layouts/application (0.4ms)
Completed 200 OK in 50ms (Views: 49.6ms | ActiveRecord: 0.0ms)


Started GET "/assets/static_pages-64e62ddc273c2f5847f30d698ca14b67.css?body=1" for ::1 at 2015-02-26 20:40:31 -0700


Started GET "/assets/application-5266d2988799ecc8fe6e81eaab412e7d.css?body=1" for ::1 at 2015-02-26 20:40:31 -0700


Started GET "/assets/turbolinks-d9dcd5206ee131f11181e8ca09537148.js?body=1" for ::1 at 2015-02-26 20:40:31 -0700


Started GET "/assets/jquery-87424c3c19e96d4fb033c10ebe21ec40.js?body=1" for ::1 at 2015-02-26 20:40:31 -0700


Started GET "/assets/jquery_ujs-e27bd20a10d28155845a22d71ef94f2f.js?body=1" for ::1 at 2015-02-26 20:40:31 -0700


Started GET "/assets/application-27c76326507f83da3c0ff47a3c8c1ada.js?body=1" for ::1 at 2015-02-26 20:40:31 -0700


Started GET "/assets/static_pages-46c9a194bd0668e67d57241f94473dc8.js?body=1" for ::1 at 2015-02-26 20:40:31 -0700


Started GET "/static_pages/help" for ::1 at 2015-02-26 21:23:41 -0700
Processing by StaticPagesController#help as HTML
  Rendered static_pages/help.html.erb within layouts/application (0.9ms)
Completed 200 OK in 254ms (Views: 187.1ms | ActiveRecord: 0.0ms)


Started GET "/assets/static_pages-64e62ddc273c2f5847f30d698ca14b67.css?body=1" for ::1 at 2015-02-26 21:23:41 -0700


Started GET "/assets/application-5266d2988799ecc8fe6e81eaab412e7d.css?body=1" for ::1 at 2015-02-26 21:23:41 -0700


Started GET "/assets/static_pages-46c9a194bd0668e67d57241f94473dc8.js?body=1" for ::1 at 2015-02-26 21:23:41 -0700


Started GET "/assets/turbolinks-d9dcd5206ee131f11181e8ca09537148.js?body=1" for ::1 at 2015-02-26 21:23:41 -0700


Started GET "/assets/jquery-87424c3c19e96d4fb033c10ebe21ec40.js?body=1" for ::1 at 2015-02-26 21:23:41 -0700


Started GET "/assets/jquery_ujs-e27bd20a10d28155845a22d71ef94f2f.js?body=1" for ::1 at 2015-02-26 21:23:41 -0700


Started GET "/assets/application-27c76326507f83da3c0ff47a3c8c1ada.js?body=1" for ::1 at 2015-02-26 21:23:41 -0700


Started GET "/static_pages/about" for ::1 at 2015-02-26 21:23:45 -0700
Processing by StaticPagesController#about as HTML
  Rendered static_pages/about.html.erb within layouts/application (0.4ms)
Completed 200 OK in 55ms (Views: 54.6ms | ActiveRecord: 0.0ms)


Started GET "/assets/static_pages-64e62ddc273c2f5847f30d698ca14b67.css?body=1" for ::1 at 2015-02-26 21:23:45 -0700


Started GET "/assets/application-5266d2988799ecc8fe6e81eaab412e7d.css?body=1" for ::1 at 2015-02-26 21:23:45 -0700


Started GET "/assets/jquery-87424c3c19e96d4fb033c10ebe21ec40.js?body=1" for ::1 at 2015-02-26 21:23:45 -0700


Started GET "/assets/jquery_ujs-e27bd20a10d28155845a22d71ef94f2f.js?body=1" for ::1 at 2015-02-26 21:23:45 -0700


Started GET "/assets/turbolinks-d9dcd5206ee131f11181e8ca09537148.js?body=1" for ::1 at 2015-02-26 21:23:45 -0700


Started GET "/assets/static_pages-46c9a194bd0668e67d57241f94473dc8.js?body=1" for ::1 at 2015-02-26 21:23:45 -0700


Started GET "/assets/application-27c76326507f83da3c0ff47a3c8c1ada.js?body=1" for ::1 at 2015-02-26 21:23:45 -0700


Started GET "/" for ::1 at 2015-02-26 22:02:00 -0700
Processing by StaticPagesController#home as HTML
  Rendered static_pages/home.html.erb within layouts/application (1.3ms)
Completed 200 OK in 327ms (Views: 297.6ms | ActiveRecord: 0.0ms)


Started GET "/assets/static_pages-64e62ddc273c2f5847f30d698ca14b67.css?body=1" for ::1 at 2015-02-26 22:02:00 -0700


Started GET "/assets/application-5266d2988799ecc8fe6e81eaab412e7d.css?body=1" for ::1 at 2015-02-26 22:02:00 -0700


Started GET "/assets/jquery-87424c3c19e96d4fb033c10ebe21ec40.js?body=1" for ::1 at 2015-02-26 22:02:00 -0700


Started GET "/assets/turbolinks-d9dcd5206ee131f11181e8ca09537148.js?body=1" for ::1 at 2015-02-26 22:02:00 -0700


Started GET "/assets/application-27c76326507f83da3c0ff47a3c8c1ada.js?body=1" for ::1 at 2015-02-26 22:02:01 -0700


Started GET "/assets/static_pages-46c9a194bd0668e67d57241f94473dc8.js?body=1" for ::1 at 2015-02-26 22:02:01 -0700


Started GET "/assets/jquery_ujs-e27bd20a10d28155845a22d71ef94f2f.js?body=1" for ::1 at 2015-02-26 22:02:01 -0700


Started GET "/" for ::1 at 2015-02-26 22:42:31 -0700
Processing by StaticPagesController#home as HTML
  Rendered static_pages/home.html.erb within layouts/application (1.0ms)
Completed 200 OK in 112ms (Views: 96.7ms | ActiveRecord: 0.0ms)


Started GET "/assets/static_pages-64e62ddc273c2f5847f30d698ca14b67.css?body=1" for ::1 at 2015-02-26 22:42:31 -0700


Started GET "/assets/application-27c76326507f83da3c0ff47a3c8c1ada.js?body=1" for ::1 at 2015-02-26 22:42:31 -0700


Started GET "/assets/turbolinks-d9dcd5206ee131f11181e8ca09537148.js?body=1" for ::1 at 2015-02-26 22:42:31 -0700


Started GET "/assets/jquery-87424c3c19e96d4fb033c10ebe21ec40.js?body=1" for ::1 at 2015-02-26 22:42:31 -0700


Started GET "/assets/jquery_ujs-e27bd20a10d28155845a22d71ef94f2f.js?body=1" for ::1 at 2015-02-26 22:42:31 -0700


Started GET "/assets/application-5266d2988799ecc8fe6e81eaab412e7d.css?body=1" for ::1 at 2015-02-26 22:42:31 -0700


Started GET "/assets/static_pages-46c9a194bd0668e67d57241f94473dc8.js?body=1" for ::1 at 2015-02-26 22:42:31 -0700


Started GET "/static_pages/about" for ::1 at 2015-02-26 22:42:42 -0700
Processing by StaticPagesController#about as HTML
  Rendered static_pages/about.html.erb within layouts/application (5.4ms)
Completed 200 OK in 53ms (Views: 52.9ms | ActiveRecord: 0.0ms)


Started GET "/assets/static_pages-64e62ddc273c2f5847f30d698ca14b67.css?body=1" for ::1 at 2015-02-26 22:42:42 -0700


Started GET "/assets/application-5266d2988799ecc8fe6e81eaab412e7d.css?body=1" for ::1 at 2015-02-26 22:42:42 -0700


Started GET "/assets/jquery_ujs-e27bd20a10d28155845a22d71ef94f2f.js?body=1" for ::1 at 2015-02-26 22:42:42 -0700


Started GET "/assets/turbolinks-d9dcd5206ee131f11181e8ca09537148.js?body=1" for ::1 at 2015-02-26 22:42:42 -0700


Started GET "/assets/static_pages-46c9a194bd0668e67d57241f94473dc8.js?body=1" for ::1 at 2015-02-26 22:42:42 -0700


Started GET "/assets/application-27c76326507f83da3c0ff47a3c8c1ada.js?body=1" for ::1 at 2015-02-26 22:42:42 -0700


Started GET "/assets/jquery-87424c3c19e96d4fb033c10ebe21ec40.js?body=1" for ::1 at 2015-02-26 22:42:42 -0700


Started GET "/static_pages/help" for ::1 at 2015-02-26 22:42:59 -0700
Processing by StaticPagesController#help as HTML
  Rendered static_pages/help.html.erb within layouts/application (6.1ms)
Completed 200 OK in 53ms (Views: 52.6ms | ActiveRecord: 0.0ms)


Started GET "/assets/static_pages-64e62ddc273c2f5847f30d698ca14b67.css?body=1" for ::1 at 2015-02-26 22:42:59 -0700


Started GET "/assets/application-5266d2988799ecc8fe6e81eaab412e7d.css?body=1" for ::1 at 2015-02-26 22:42:59 -0700


Started GET "/assets/jquery-87424c3c19e96d4fb033c10ebe21ec40.js?body=1" for ::1 at 2015-02-26 22:42:59 -0700


Started GET "/assets/turbolinks-d9dcd5206ee131f11181e8ca09537148.js?body=1" for ::1 at 2015-02-26 22:42:59 -0700


Started GET "/assets/static_pages-46c9a194bd0668e67d57241f94473dc8.js?body=1" for ::1 at 2015-02-26 22:42:59 -0700


Started GET "/assets/jquery_ujs-e27bd20a10d28155845a22d71ef94f2f.js?body=1" for ::1 at 2015-02-26 22:42:59 -0700


Started GET "/assets/application-27c76326507f83da3c0ff47a3c8c1ada.js?body=1" for ::1 at 2015-02-26 22:42:59 -0700


Started GET "/static_pages/help" for ::1 at 2015-02-26 23:03:48 -0700
Processing by StaticPagesController#help as HTML
  Rendered static_pages/help.html.erb within layouts/application (2.6ms)
Completed 200 OK in 144ms (Views: 93.2ms | ActiveRecord: 0.0ms)


Started GET "/assets/static_pages-64e62ddc273c2f5847f30d698ca14b67.css?body=1" for ::1 at 2015-02-26 23:03:48 -0700


Started GET "/assets/turbolinks-d9dcd5206ee131f11181e8ca09537148.js?body=1" for ::1 at 2015-02-26 23:03:48 -0700


Started GET "/assets/jquery-87424c3c19e96d4fb033c10ebe21ec40.js?body=1" for ::1 at 2015-02-26 23:03:48 -0700


Started GET "/assets/application-5266d2988799ecc8fe6e81eaab412e7d.css?body=1" for ::1 at 2015-02-26 23:03:48 -0700


Started GET "/assets/jquery_ujs-e27bd20a10d28155845a22d71ef94f2f.js?body=1" for ::1 at 2015-02-26 23:03:48 -0700


Started GET "/assets/application-27c76326507f83da3c0ff47a3c8c1ada.js?body=1" for ::1 at 2015-02-26 23:03:48 -0700


Started GET "/assets/static_pages-46c9a194bd0668e67d57241f94473dc8.js?body=1" for ::1 at 2015-02-26 23:03:48 -0700


Started GET "/" for ::1 at 2015-02-26 23:03:53 -0700
Processing by StaticPagesController#home as HTML
  Rendered static_pages/home.html.erb within layouts/application (0.4ms)
Completed 200 OK in 55ms (Views: 54.0ms | ActiveRecord: 0.0ms)


Started GET "/assets/static_pages-64e62ddc273c2f5847f30d698ca14b67.css?body=1" for ::1 at 2015-02-26 23:03:54 -0700


Started GET "/assets/application-5266d2988799ecc8fe6e81eaab412e7d.css?body=1" for ::1 at 2015-02-26 23:03:54 -0700


Started GET "/assets/jquery-87424c3c19e96d4fb033c10ebe21ec40.js?body=1" for ::1 at 2015-02-26 23:03:54 -0700


Started GET "/assets/jquery_ujs-e27bd20a10d28155845a22d71ef94f2f.js?body=1" for ::1 at 2015-02-26 23:03:54 -0700


Started GET "/assets/turbolinks-d9dcd5206ee131f11181e8ca09537148.js?body=1" for ::1 at 2015-02-26 23:03:54 -0700


Started GET "/assets/static_pages-46c9a194bd0668e67d57241f94473dc8.js?body=1" for ::1 at 2015-02-26 23:03:54 -0700


Started GET "/assets/application-27c76326507f83da3c0ff47a3c8c1ada.js?body=1" for ::1 at 2015-02-26 23:03:54 -0700


Started GET "/static_pages/about" for ::1 at 2015-02-27 19:49:12 -0700
Processing by StaticPagesController#about as HTML
  Rendered static_pages/about.html.erb within layouts/application (2.0ms)
Completed 200 OK in 261ms (Views: 230.6ms | ActiveRecord: 0.0ms)


Started GET "/assets/static_pages-64e62ddc273c2f5847f30d698ca14b67.css?body=1" for ::1 at 2015-02-27 19:49:12 -0700


Started GET "/assets/jquery_ujs-e27bd20a10d28155845a22d71ef94f2f.js?body=1" for ::1 at 2015-02-27 19:49:12 -0700


Started GET "/assets/turbolinks-d9dcd5206ee131f11181e8ca09537148.js?body=1" for ::1 at 2015-02-27 19:49:12 -0700


Started GET "/assets/static_pages-46c9a194bd0668e67d57241f94473dc8.js?body=1" for ::1 at 2015-02-27 19:49:12 -0700


Started GET "/assets/jquery-87424c3c19e96d4fb033c10ebe21ec40.js?body=1" for ::1 at 2015-02-27 19:49:12 -0700


Started GET "/assets/application-5266d2988799ecc8fe6e81eaab412e7d.css?body=1" for ::1 at 2015-02-27 19:49:12 -0700


Started GET "/assets/application-27c76326507f83da3c0ff47a3c8c1ada.js?body=1" for ::1 at 2015-02-27 19:49:12 -0700


Started GET "/static_pages/about" for ::1 at 2015-02-27 22:09:44 -0700
Processing by StaticPagesController#about as HTML
  Rendered static_pages/about.html.erb within layouts/application (1.7ms)
Completed 200 OK in 179ms (Views: 141.4ms | ActiveRecord: 0.0ms)


Started GET "/assets/static_pages-64e62ddc273c2f5847f30d698ca14b67.css?body=1" for ::1 at 2015-02-27 22:09:44 -0700


Started GET "/assets/static_pages-46c9a194bd0668e67d57241f94473dc8.js?body=1" for ::1 at 2015-02-27 22:09:44 -0700


Started GET "/assets/turbolinks-d9dcd5206ee131f11181e8ca09537148.js?body=1" for ::1 at 2015-02-27 22:09:44 -0700


Started GET "/assets/jquery_ujs-e27bd20a10d28155845a22d71ef94f2f.js?body=1" for ::1 at 2015-02-27 22:09:44 -0700


Started GET "/assets/application-5266d2988799ecc8fe6e81eaab412e7d.css?body=1" for ::1 at 2015-02-27 22:09:44 -0700


Started GET "/assets/jquery-87424c3c19e96d4fb033c10ebe21ec40.js?body=1" for ::1 at 2015-02-27 22:09:44 -0700


Started GET "/assets/application-27c76326507f83da3c0ff47a3c8c1ada.js?body=1" for ::1 at 2015-02-27 22:09:44 -0700


Started GET "/static_pages/about" for ::1 at 2015-02-27 22:19:44 -0700
Processing by StaticPagesController#about as HTML
  Rendered static_pages/about.html.erb within layouts/application (0.8ms)
Completed 200 OK in 112ms (Views: 97.4ms | ActiveRecord: 0.0ms)


Started GET "/" for ::1 at 2015-02-28 10:04:55 -0700
Processing by StaticPagesController#home as HTML
  Rendered static_pages/home.html.erb within layouts/application (4.4ms)
Completed 200 OK in 318ms (Views: 279.4ms | ActiveRecord: 0.0ms)


Started GET "/assets/static_pages-64e62ddc273c2f5847f30d698ca14b67.css?body=1" for ::1 at 2015-02-28 10:04:56 -0700


Started GET "/assets/application-27c76326507f83da3c0ff47a3c8c1ada.js?body=1" for ::1 at 2015-02-28 10:04:56 -0700


Started GET "/assets/static_pages-46c9a194bd0668e67d57241f94473dc8.js?body=1" for ::1 at 2015-02-28 10:04:56 -0700


Started GET "/assets/turbolinks-d9dcd5206ee131f11181e8ca09537148.js?body=1" for ::1 at 2015-02-28 10:04:56 -0700


Started GET "/assets/jquery_ujs-e27bd20a10d28155845a22d71ef94f2f.js?body=1" for ::1 at 2015-02-28 10:04:56 -0700


Started GET "/assets/jquery-87424c3c19e96d4fb033c10ebe21ec40.js?body=1" for ::1 at 2015-02-28 10:04:56 -0700


Started GET "/assets/application-5266d2988799ecc8fe6e81eaab412e7d.css?body=1" for ::1 at 2015-02-28 10:04:56 -0700
